<?xml version="1.0" encoding="UTF-8"?>
<!-- Generated by org.testng.reporters.JUnitXMLReporter -->
<testsuite ignored="0" hostname="WINDOWS-Q3AF2KO" failures="0" tests="3" name="Test" time="825.659" errors="0" timestamp="2023-12-18T15:19:36 EST">
  <testcase classname="com.testcases.TC_002_Hypothyroidism" name="hypothyroidism" time="813.727"/>
  <testcase classname="com.testcases.TC_002_Hypothyroidism" name="CheckForHR" time="0.11"/>
  <testcase classname="com.testcases.TC_002_Hypothyroidism" name="CheckForA" time="1.181"/>
</testsuite> <!-- Test -->
