<?xml version="1.0" encoding="UTF-8"?>
<!-- Generated by org.testng.reporters.JUnitXMLReporter -->
<testsuite ignored="0" hostname="DESKTOP-TFTIM70" failures="3" tests="3" name="Test" time="1885.748" errors="0" timestamp="2023-12-18T13:59:30 PST">
  <testcase classname="com.testcases.TC_001_Diabetes" name="diabetesData" time="1874.007">
    <failure type="java.io.FileNotFoundException" message="C:\Users\16692\git\Recipe_Scraping_Dec2023\src\test\resources\TestData\Team23-RecipeScraping-Data.xlsx (The process cannot access the file because it is being used by another process)">
      <![CDATA[java.io.FileNotFoundException: C:\Users\16692\git\Recipe_Scraping_Dec2023\src\test\resources\TestData\Team23-RecipeScraping-Data.xlsx (The process cannot access the file because it is being used by another process)
at java.base/java.io.FileOutputStream.open0(Native Method)
at java.base/java.io.FileOutputStream.open(FileOutputStream.java:298)
at java.base/java.io.FileOutputStream.<init>(FileOutputStream.java:237)
at java.base/java.io.FileOutputStream.<init>(FileOutputStream.java:126)
at com.testcases.BaseClass.RecipesPageWise(BaseClass.java:553)
at pageObjects.DiabetesPage.GetRecipes(DiabetesPage.java:36)
at com.testcases.TC_001_Diabetes.diabetesData(TC_001_Diabetes.java:14)
at java.base/java.util.ArrayList.forEach(ArrayList.java:1541)
... Removed 27 stack frames]]>
    </failure>
  </testcase> <!-- diabetesData -->
  <testcase classname="com.testcases.TC_001_Diabetes" name="CheckForHR" time="0.251">
    <failure type="java.io.FileNotFoundException" message="C:\Users\16692\git\Recipe_Scraping_Dec2023\src\test\resources\TestData\Team23-RecipeScraping-Data.xlsx (The process cannot access the file because it is being used by another process)">
      <![CDATA[java.io.FileNotFoundException: C:\Users\16692\git\Recipe_Scraping_Dec2023\src\test\resources\TestData\Team23-RecipeScraping-Data.xlsx (The process cannot access the file because it is being used by another process)
at java.base/java.io.FileOutputStream.open0(Native Method)
at java.base/java.io.FileOutputStream.open(FileOutputStream.java:298)
at java.base/java.io.FileOutputStream.<init>(FileOutputStream.java:237)
at java.base/java.io.FileOutputStream.<init>(FileOutputStream.java:126)
at com.testcases.BaseClass.CheckForHealthyItems(BaseClass.java:277)
at pageObjects.DiabetesPage.CheckForHealthyRecipes(DiabetesPage.java:41)
at com.testcases.TC_001_Diabetes.CheckForHR(TC_001_Diabetes.java:19)
at java.base/java.util.ArrayList.forEach(ArrayList.java:1541)
... Removed 27 stack frames]]>
    </failure>
  </testcase> <!-- CheckForHR -->
  <testcase classname="com.testcases.TC_001_Diabetes" name="CheckForA" time="0.123">
    <failure type="java.io.FileNotFoundException" message="C:\Users\16692\git\Recipe_Scraping_Dec2023\src\test\resources\TestData\Team23-RecipeScraping-Data.xlsx (The process cannot access the file because it is being used by another process)">
      <![CDATA[java.io.FileNotFoundException: C:\Users\16692\git\Recipe_Scraping_Dec2023\src\test\resources\TestData\Team23-RecipeScraping-Data.xlsx (The process cannot access the file because it is being used by another process)
at java.base/java.io.FileOutputStream.open0(Native Method)
at java.base/java.io.FileOutputStream.open(FileOutputStream.java:298)
at java.base/java.io.FileOutputStream.<init>(FileOutputStream.java:237)
at java.base/java.io.FileOutputStream.<init>(FileOutputStream.java:126)
at com.testcases.BaseClass.CheckForAllergy(BaseClass.java:324)
at pageObjects.DiabetesPage.CheckForAllergies(DiabetesPage.java:46)
at com.testcases.TC_001_Diabetes.CheckForA(TC_001_Diabetes.java:24)
at java.base/java.util.ArrayList.forEach(ArrayList.java:1541)
... Removed 27 stack frames]]>
    </failure>
  </testcase> <!-- CheckForA -->
</testsuite> <!-- Test -->
