<?xml version="1.0" encoding="UTF-8"?>
<testng-results ignored="2" total="3" passed="1" failed="0" skipped="0">
  <reporter-output>
  </reporter-output>
  <suite started-at="2023-12-17T22:25:39 EST" name="Suite" finished-at="2023-12-17T22:25:55 EST" duration-ms="15761">
    <groups>
    </groups>
    <test started-at="2023-12-17T22:25:39 EST" name="Test" finished-at="2023-12-17T22:25:55 EST" duration-ms="15761">
      <class name="com.testcases.TC_001_Diabetes">
        <test-method is-config="true" signature="setup(java.lang.String)[pri:0, instance:com.testcases.TC_001_Diabetes@58d75e99]" started-at="2023-12-17T22:25:39 EST" name="setup" finished-at="2023-12-17T22:25:50 EST" duration-ms="10537" status="PASS">
          <params>
            <param index="0">
              <value>
                <![CDATA[chrome]]>
              </value>
            </param>
          </params>
          <reporter-output>
          </reporter-output>
        </test-method> <!-- setup -->
        <test-method signature="CheckForA()[pri:3, instance:com.testcases.TC_001_Diabetes@58d75e99]" started-at="2023-12-17T22:25:50 EST" name="CheckForA" finished-at="2023-12-17T22:25:55 EST" duration-ms="4959" status="PASS">
          <reporter-output>
          </reporter-output>
        </test-method> <!-- CheckForA -->
        <test-method is-config="true" signature="tearDown()[pri:0, instance:com.testcases.TC_001_Diabetes@58d75e99]" started-at="2023-12-17T22:25:55 EST" name="tearDown" finished-at="2023-12-17T22:25:55 EST" duration-ms="195" status="PASS">
          <reporter-output>
          </reporter-output>
        </test-method> <!-- tearDown -->
      </class> <!-- com.testcases.TC_001_Diabetes -->
    </test> <!-- Test -->
  </suite> <!-- Suite -->
</testng-results>
